[Sun Oct  1 05:01:05 2017] CristianJoeMontini-->Dbdnzns
[Sun Oct  1 05:08:53 2017] CristianJoeMontini--> ;help
[Sun Oct  1 05:08:56 2017] CristianJoeMontini--> /help
[Sun Oct  1 05:09:03 2017] CristianJoeMontini--> /contacts
[Sun Oct  1 05:11:06 2017] CristianJoeMontini--> /contacts
[Sun Oct  1 05:11:40 2017] CristianJoeMontini--> /contacts
[Sun Oct  1 05:12:13 2017] CristianJoeMontini--> /contacts
[Sun Oct  1 05:12:41 2017] CristianJoeMontini--> /contacts
[Sun Oct  1 05:13:29 2017] CristianJoeMontini--> /contacts
[Sun Oct  1 05:14:00 2017] CristianJoeMontini--> /contancts
[Sun Oct  1 05:14:05 2017] CristianJoeMontini--> /contacts
[Sun Oct  1 05:27:50 2017] CristianJoeMontini--> /voice
[Sun Oct  1 05:28:03 2017] CristianJoeMontini--> /voice ciao
[Sun Oct  1 05:28:56 2017] CristianJoeMontini--> /voice ciao
[Sun Oct  1 05:29:28 2017] CristianJoeMontini--> Ebcode
[Sun Oct  1 05:29:33 2017] CristianJoeMontini--> /voice cuao
[Sun Oct  1 05:30:41 2017] CristianJoeMontini--> /voice ciao
[Sun Oct  1 05:32:44 2017] CristianJoeMontini--> /voice ciao
[Sun Oct  1 05:33:19 2017] CristianJoeMontini--> /voice ciao
[Sun Oct  1 05:33:39 2017] CristianJoeMontini--> /voice ciao
[Sun Oct  1 05:34:26 2017] CristianJoeMontini--> /voice ciao
[Sun Oct  1 05:35:03 2017] CristianJoeMontini--> /voice ciao
[Sun Oct  1 05:35:51 2017] CristianJoeMontini--> /voice ciao
[Sun Oct  1 05:38:48 2017] CristianJoeMontini--> /voice ciao
[Sun Oct  1 05:39:08 2017] CristianJoeMontini--> /voice cjak
[Sun Oct  1 05:39:25 2017] CristianJoeMontini--> /voice cjak
[Sun Oct  1 05:39:37 2017] CristianJoeMontini--> /voice cjak
[Sun Oct  1 05:40:07 2017] CristianJoeMontini--> /voice cjak
[Sun Oct  1 05:40:35 2017] CristianJoeMontini--> /voice cjak
[Sun Oct  1 05:42:07 2017] CristianJoeMontini--> /voice cjak
[Sun Oct  1 05:42:25 2017] CristianJoeMontini--> /voice cjak
[Sun Oct  1 05:42:54 2017] CristianJoeMontini--> /voice cjak
[Sun Oct  1 05:43:13 2017] CristianJoeMontini--> /voice cjak
[Sun Oct  1 05:44:10 2017] CristianJoeMontini--> /voice cjak
[Sun Oct  1 05:44:53 2017] CristianJoeMontini--> /voice cjak
[Sun Oct  1 05:45:26 2017] CristianJoeMontini--> /voice cjak
[Sun Oct  1 05:48:48 2017] CristianJoeMontini--> /voice cjak
[Sun Oct  1 05:49:14 2017] CristianJoeMontini--> /voice cjak
[Sun Oct  1 05:52:59 2017] CristianJoeMontini--> /voice cjak
[Sun Oct  1 05:53:44 2017] CristianJoeMontini--> /voice hello i'm cristian
[Sun Oct  1 05:54:03 2017] CristianJoeMontini--> /voice cazzone di merda
[Sun Oct  1 05:54:56 2017] CristianJoeMontini--> /voice cjak
[Sun Oct  1 05:55:18 2017] CristianJoeMontini--> /voice cjak
[Sun Oct  1 05:55:43 2017] CristianJoeMontini--> /voice cjak
[Sun Oct  1 05:58:11 2017] CristianJoeMontini--> /voice ciao
[Sun Oct  1 05:59:23 2017] CristianJoeMontini--> /voice cjak
[Sun Oct  1 05:59:59 2017] CristianJoeMontini--> /voice cjak
[Sun Oct  1 06:00:14 2017] CristianJoeMontini--> /voice Brutto bastardo di merda
[Sun Oct  1 06:01:02 2017] CristianJoeMontini--> /voice Brutto bastardo
[Sun Oct  1 06:01:45 2017] CristianJoeMontini--> /voice L'armistizio di Malta (detto anche armistizio lungo) fu un armistizio, siglato durante la seconda guerra mondiale, il 29 settembre del 1943, nelle acque antistanti l'isola di Malta.

Venne firmato alle 11:30 a bordo della corazzata britannica Nelson dal generale Dwight D. Eisenhower per gli Alleati e dal maresciallo Badoglio per l'Italia, constava di 44 articoli. Il nome ufficiale in italiano è Condizioni aggiuntive di armistizio con l'Italiamentre quello in inglese è Instrument of surrender of Italy.
[Sun Oct  1 06:02:19 2017] CristianJoeMontini--> /voice L'armistizio di Malta (detto anche armistizio lungo) fu un armistizio, siglato durante la seconda guerra mondiale, il 29 settembre del 1943, nelle acque antistanti l'isola di Malta.

Venne firmato alle 11:30 a bordo della corazzata britannica Nelson dal generale Dwight D. Eisenhower per gli Alleati e dal maresciallo Badoglio per l'Italia, constava di 44 articoli. Il nome ufficiale in italiano è Condizioni aggiuntive di armistizio con l'Italiamentre quello in inglese è Instrument of surrender of Italy.
[Sun Oct  1 06:06:57 2017] CristianJoeMontini--> /voice mia
[Sun Oct  1 06:07:13 2017] CristianJoeMontini--> /voice cazzone
[Sun Oct  1 06:07:33 2017] CristianJoeMontini--> /voice porco dio
[Sun Oct  1 06:09:07 2017] CristianJoeMontini--> /voice mia
[Sun Oct  1 06:09:35 2017] CristianJoeMontini--> /voice media
[Sun Oct  1 06:11:51 2017] CristianJoeMontini--> /voice fuck
[Sun Oct  1 06:13:22 2017] CristianJoeMontini--> /voice ciao
[Sun Oct  1 06:13:41 2017] CristianJoeMontini--> /voice ciao
[Sun Oct  1 06:14:17 2017] CristianJoeMontini--> /voice ciao
[Sun Oct  1 06:15:07 2017] CristianJoeMontini--> /voice ciao
[Sun Oct  1 06:15:45 2017] CristianJoeMontini--> /voice ciao
[Sun Oct  1 06:16:33 2017] CristianJoeMontini--> /voice figaaa
[Sun Oct  1 06:18:07 2017] CristianJoeMontini--> /voice ciao
[Sun Oct  1 06:19:15 2017] CristianJoeMontini--> /voice ciao
[Sun Oct  1 06:19:39 2017] CristianJoeMontini--> /voice ciao
[Sun Oct  1 06:21:21 2017] CristianJoeMontini--> /voice vaffanculo a tutti
[Sun Oct  1 06:22:45 2017] CristianJoeMontini--> /help
[Sun Oct  1 06:22:59 2017] CristianJoeMontini--> /help
[Sun Oct  1 06:24:01 2017] CristianJoeMontini--> /help
[Sun Oct  1 06:24:23 2017] CristianJoeMontini--> /rand -2 -7
[Sun Oct  1 06:25:45 2017] CristianJoeMontini--> /rand -2 -7
[Sun Oct  1 06:26:07 2017] CristianJoeMontini--> /rand -2 -7
[Sun Oct  1 06:26:22 2017] CristianJoeMontini--> /help
[Sun Oct  1 06:26:30 2017] CristianJoeMontini--> /rand 2 5
[Sun Oct  1 06:27:09 2017] CristianJoeMontini--> /rand -2 -7
[Sun Oct  1 06:28:08 2017] CristianJoeMontini--> /rand -2 -7
[Sun Oct  1 06:28:40 2017] CristianJoeMontini--> /rand -2 -7
[Sun Oct  1 06:30:37 2017] CristianJoeMontini--> /rand -2 -8
[Sun Oct  1 06:30:49 2017] CristianJoeMontini--> /rand 3 8
[Sun Oct  1 06:31:16 2017] CristianJoeMontini--> /rand 3 7
[Sun Oct  1 06:32:22 2017] CristianJoeMontini--> /rand 5 7
[Sun Oct  1 06:32:29 2017] CristianJoeMontini--> /rand -2 -7
[Sun Oct  1 06:32:43 2017] CristianJoeMontini--> rand -2 -1
[Sun Oct  1 06:33:00 2017] CristianJoeMontini--> /rand -2 -1
[Sun Oct  1 06:33:54 2017] CristianJoeMontini--> /rand -2 -7
[Sun Oct  1 06:34:21 2017] CristianJoeMontini--> /rand -4 -90
[Sun Oct  1 06:38:02 2017] CristianJoeMontini--> /rand 50 6
[Sun Oct  1 06:38:39 2017] CristianJoeMontini--> /rand -3 5
[Sun Oct  1 06:38:54 2017] CristianJoeMontini--> /rand -3 5
[Sun Oct  1 06:38:59 2017] CristianJoeMontini--> /rand -3 5
[Sun Oct  1 06:39:05 2017] CristianJoeMontini--> /rand -3 5
[Sun Oct  1 06:39:15 2017] CristianJoeMontini--> /rand -56 78
[Sun Oct  1 06:40:28 2017] CristianJoeMontini--> /rand 3 80
[Sun Oct  1 06:41:20 2017] CristianJoeMontini--> /rand -7 60
[Sun Oct  1 06:41:21 2017] CristianJoeMontini--> Hjj
[Sun Oct  1 06:41:21 2017] CristianJoeMontini--> Ggg
[Sun Oct  1 06:49:11 2017] CristianJoeMontini--> /voice hello my name is Cristian
[Sun Oct  1 06:49:13 2017] CristianJoeMontini--> /help
[Sun Oct  1 06:54:55 2017] CristianJoeMontini--> /start
[Sun Oct  1 06:55:18 2017] CristianJoeMontini--> /start
[Sun Oct  1 06:55:24 2017] CristianJoeMontini--> /start
[Sun Oct  1 06:56:27 2017] CristianJoeMontini--> /start
[Sun Oct  1 06:57:15 2017] CristianJoeMontini--> /start
[Sun Oct  1 06:58:23 2017] CristianJoeMontini--> /start
[Sun Oct  1 06:58:38 2017] CristianJoeMontini--> /start
[Sun Oct  1 06:58:59 2017] CristianJoeMontini--> /start
[Sun Oct  1 06:59:25 2017] CristianJoeMontini--> /start
[Sun Oct  1 07:00:02 2017] CristianJoeMontini--> /start
[Sun Oct  1 07:02:27 2017] CristianJoeMontini--> /help
[Sun Oct  1 07:02:49 2017] CristianJoeMontini--> Ciao
[Sun Oct  1 07:02:52 2017] CristianJoeMontini--> /help
[Sun Oct  1 07:04:49 2017] CristianJoeMontini Access Denied!
[Sun Oct  1 07:04:50 2017] CristianJoeMontini Access Denied!
[Sun Oct  1 07:04:54 2017] CristianJoeMontini Access Denied!
[Sun Oct  1 07:05:46 2017] CristianJoeMontini Access Denied!
[ Error ]
If you want to report an issue contact me:

Telegram: @CristianJoeMontini
E-mail: montinicristian@gmail.com
[Sun Oct  1 07:06:07 2017] CristianJoeMontini Access Denied!
[Sun Oct  1 07:06:38 2017] CristianJoeMontini Access Denied!
[Sun Oct  1 07:07:11 2017] CristianJoeMontini Access Denied!
[Sun Oct  1 07:07:28 2017] CristianJoeMontini Access Denied!
[Sun Oct  1 07:07:35 2017] CristianJoeMontini Access Denied!
[Sun Oct  1 07:07:58 2017] CristianJoeMontini Access Denied!
[Sun Oct  1 07:08:26 2017] CristianJoeMontini Access Denied!
[Sun Oct  1 07:08:48 2017] CristianJoeMontini--> Hhh
[Sun Oct  1 07:08:56 2017] CristianJoeMontini--> /rand 3 7
[Sun Oct  1 07:09:08 2017] CristianJoeMontini--> Hhh
[Sun Oct  1 07:15:43 2017] CristianJoeMontini--> /start
[Sun Oct  1 07:17:22 2017] CristianJoeMontini--> /help
[Sun Oct  1 07:17:53 2017] CristianJoeMontini--> /contacts
[Sun Oct  1 07:18:16 2017] Bobbobboso Access Denied!
[Sun Oct  1 07:18:28 2017] Bobbobboso Access Denied!
[Sun Oct  1 07:18:31 2017] Bobbobboso Access Denied!
[Sun Oct  1 07:22:03 2017] CristianJoeMontini--> /start
[Sun Oct  1 07:25:29 2017] CristianJoeMontini--> /voice i replay that my name is no sexual usage
[Sun Oct  1 07:26:15 2017] CristianJoeMontini--> /voice i can speech over 2000 words in this fucking messages
[Sun Oct  1 07:26:57 2017] CristianJoeMontini--> /voice you're a motherfucker
[Sun Oct  1 07:27:59 2017] CristianJoeMontini--> /voice i'm so hungry, by the way i can ever sing like a pretty little chicken
[Sun Oct  1 07:30:53 2017] CristianJoeMontini--> /help
[Sun Oct  1 07:31:19 2017] CristianJoeMontini--> /start
[Sun Oct  1 07:32:11 2017] CristianJoeMontini Access Denied!
[Sun Oct  1 07:33:30 2017] CristianJoeMontini--> /help
[Sun Oct  1 07:34:20 2017] fede_spino Access Denied!
[Sun Oct  1 07:35:20 2017] fede_spino--> /help
[Sun Oct  1 07:35:43 2017] fede_spino--> /contacts
[Sun Oct  1 07:35:54 2017] fede_spino--> /scan
[Sun Oct  1 07:36:04 2017] fede_spino--> /scan
[Sun Oct  1 07:36:08 2017] fede_spino--> /rand
[Sun Oct  1 07:36:12 2017] fede_spino--> /rand
[Sun Oct  1 07:36:22 2017] fede_spino--> 5-10
[Sun Oct  1 07:36:26 2017] fede_spino--> Porcodio
[Sun Oct  1 07:36:33 2017] fede_spino--> /voice
[Sun Oct  1 07:37:07 2017] fede_spino--> /voice queste cose le fa anche Google traduttore
[Sun Oct  1 07:37:53 2017] fede_spino--> Federico Spinoni:
/voice this things are made by Google, too.
[Sun Oct  1 07:38:53 2017] Marcoshx--> /start
[Sun Oct  1 07:38:55 2017] Marcoshx--> /help
[Sun Oct  1 07:39:20 2017] fede_spino--> /voice osteoporosis
[Sun Oct  1 07:39:21 2017] Marcoshx--> /contacts
[Sun Oct  1 07:39:36 2017] Marcoshx--> /scan
[Sun Oct  1 07:40:26 2017] Marcoshx--> /scan 82.55.110.4
[Sun Oct  1 07:40:40 2017] Bobbobboso--> /start
[Sun Oct  1 07:40:50 2017] Bobbobboso--> Hi
[Sun Oct  1 07:40:57 2017] Bobbobboso--> /help
[Sun Oct  1 07:41:07 2017] Marcoshx--> /scan
[Sun Oct  1 07:41:32 2017] Lorenzo_000--> /start
[Sun Oct  1 07:41:34 2017] Bobbobboso--> /voice oh my god
[Sun Oct  1 07:41:47 2017] Lorenzo_000--> Ahahaha
[Sun Oct  1 07:41:48 2017] Marcoshx--> /scan 192.168.1.4
[Sun Oct  1 07:42:00 2017] Lorenzo_000--> /help
[Sun Oct  1 07:42:10 2017] Lorenzo_000--> /scan
[Sun Oct  1 07:42:26 2017] Lorenzo_000--> /vpice
[Sun Oct  1 07:42:30 2017] Lorenzo_000--> /voice
[Sun Oct  1 07:42:38 2017] Lorenzo_000--> /exit
[Sun Oct  1 07:42:46 2017] Lorenzo_000--> /help
[Sun Oct  1 07:42:49 2017] Lorenzo_000--> /voice
[Sun Oct  1 07:56:26 2017] CristianJoeMontini--> /help
[Sun Oct  1 08:01:29 2017] CristianJoeMontini--> /helo
[Sun Oct  1 08:01:33 2017] CristianJoeMontini--> /help
[Sun Oct  1 08:09:31 2017] CristianJoeMontini--> /help
[Sun Oct  1 08:55:36 2017] CristianJoeMontini--> /fuck
[Sun Oct  1 08:55:39 2017] CristianJoeMontini--> Ciao
[Sun Oct  1 08:55:41 2017] CristianJoeMontini--> Ciao
[Sun Oct  1 08:55:44 2017] CristianJoeMontini--> Clear
[Sun Oct  1 08:56:30 2017] CristianJoeMontini--> /start
[Sun Oct  1 08:56:55 2017] CristianJoeMontini--> /rand 6 888
[Sun Oct  1 08:57:07 2017] CristianJoeMontini--> /rand 4 589
[Sun Oct  1 09:06:45 2017] CristianJoeMontini--> /voice hello my name is anchy, type slash help and i will show you a list of commands
[Sun Oct  1 09:07:32 2017] CristianJoeMontini--> /voice hello my name is anchy, type slash help, i will show you a list of commands
[Sun Oct  1 09:07:45 2017] CristianJoeMontini--> Cristian Montini:
/voice hello my name is anchy, type slash help and i will show you a list of commands
[Sun Oct  1 09:13:47 2017] CristianJoeMontini--> /voice ciai
[Sun Oct  1 09:14:55 2017] CristianJoeMontini--> /voice diocane
[Sun Oct  1 09:15:31 2017] CristianJoeMontini--> /voice pooooorcoooo diiooooo
[Sun Oct  1 09:17:17 2017] CristianJoeMontini--> /voice madonna
[Sun Oct  1 09:17:28 2017] CristianJoeMontini--> /help
[Sun Oct  1 09:17:33 2017] CristianJoeMontini--> /contacts
[Sun Oct  1 09:18:02 2017] CristianJoeMontini--> /rand
[Sun Oct  1 09:18:11 2017] CristianJoeMontini--> /voice
[Sun Oct  1 09:19:15 2017] CristianJoeMontini--> /vice
[Sun Oct  1 09:19:19 2017] CristianJoeMontini--> /voice
[Sun Oct  1 09:20:21 2017] CristianJoeMontini--> /voice
[Sun Oct  1 09:20:36 2017] CristianJoeMontini--> /voice
[Sun Oct  1 09:20:44 2017] CristianJoeMontini--> /voice f
[Sun Oct  1 09:21:36 2017] CristianJoeMontini--> /voice i wish i will never have to play any kind of sexual jokes, because my pussy is very tiny and wet
[Sun Oct  1 09:22:02 2017] CristianJoeMontini--> /voice i love very huge cock
[Sun Oct  1 09:23:42 2017] CristianJoeMontini--> /voice i love Christian montini's cock because is soo huge. When he put it in my tiny wet pussy i come over and over
[Sun Oct  1 09:24:41 2017] CristianJoeMontini--> Diopo
[Sun Oct  1 09:25:44 2017] CristianJoeMontini--> /voice i'm a fucking bitch
[Sun Oct  1 09:45:48 2017] Bobbobboso Access Denied!
[Sun Oct  1 09:45:55 2017] Bobbobboso Access Denied!
[Sun Oct  1 09:46:52 2017] Michelll99 Access Denied!
[Sun Oct  1 09:46:58 2017] Michelll99 Access Denied!
[Sun Oct  1 09:48:09 2017] Bobbobboso--> /voice fffffuck you
[Sun Oct  1 09:48:42 2017] Bobbobboso--> /voice ......
[Sun Oct  1 09:49:01 2017] Michelll99--> Ti ofio
[Sun Oct  1 09:49:05 2017] Michelll99--> Odio
[Sun Oct  1 09:49:06 2017] Bobbobboso--> /voice ...................
[Sun Oct  1 09:49:08 2017] Michelll99--> Ahahah
[Sun Oct  1 09:49:11 2017] Michelll99--> /help
[Sun Oct  1 09:49:21 2017] Michelll99--> /rand
[Sun Oct  1 09:49:29 2017] Michelll99--> /rand 2 10
[Sun Oct  1 09:49:38 2017] Michelll99--> /contacts
[Sun Oct  1 09:49:40 2017] Michelll99--> /voice
[Sun Oct  1 09:49:52 2017] Michelll99--> /voice 'michel lo ha grosso'
[Sun Oct  1 09:51:32 2017] CristianJoeMontini--> /voice .............
[Sun Oct  1 10:05:48 2017] Michelll99--> /voice 'send nudes'
[Sun Oct  1 10:06:01 2017] Michelll99--> /voice
[Sun Oct  1 11:47:41 2017] CristianJoeMontini--> /voice pork god
[Sun Oct  1 11:48:02 2017] CristianJoeMontini--> /rand 1 7
[Sun Oct  1 11:48:12 2017] CristianJoeMontini--> /voice ciao
[Sun Oct  1 11:48:28 2017] CristianJoeMontini--> /scan 192.168.1.1
[Sun Oct  1 11:49:19 2017] CristianJoeMontini--> /rand 3 9999999999999
[Sun Oct  1 11:50:46 2017] CristianJoeMontini--> /rand 4 7
[Sun Oct  1 11:50:46 2017] CristianJoeMontini--> /rand 4 78
[Sun Oct  1 11:50:49 2017] CristianJoeMontini--> /help
[Sun Oct  1 11:51:03 2017] CristianJoeMontini--> /help
[Sun Oct  1 11:51:08 2017] CristianJoeMontini--> /rand 1 6
[Sun Oct  1 17:15:04 2017] CristianJoeMontini--> /help
[Wed Oct  4 16:47:01 2017] CristianJoeMontini--> /help
[Wed Oct  4 16:47:11 2017] CristianJoeMontini--> /voice ciaaaaaaaaaaai
[Wed Oct  4 16:48:37 2017] CristianJoeMontini--> /voice diooooopooi
[Wed Oct  4 16:48:55 2017] CristianJoeMontini--> /rand 99999999999 99999999999999999
[Wed Oct  4 16:49:38 2017] CristianJoeMontini--> /voice shsjdbdbdhdhdhdbdbdbdbdhsjshdhdbdbdbdbdbdbdbdbdbdbdbdbdbdbdndndndnbddbbdbdbd
[Wed Oct  4 16:49:58 2017] CristianJoeMontini--> /start
[Wed Oct  4 16:50:07 2017] CristianJoeMontini--> /start
[Sat Oct 14 13:10:29 2017] CristianJoeMontini--> /help
[Sat Oct 14 13:10:39 2017] CristianJoeMontini--> /rand 3 77
[Sat Oct 14 13:10:54 2017] CristianJoeMontini--> /voice hello boy
[Sat Oct 14 13:11:12 2017] CristianJoeMontini--> /start
[Sat Oct 14 13:11:50 2017] CristianJoeMontini--> /scan 192.168.1.1
[Sat Oct 14 13:12:07 2017] CristianJoeMontini--> /scan
[Sat Oct 14 13:12:31 2017] CristianJoeMontini--> /contacts
[Sat Oct 14 13:12:42 2017] CristianJoeMontini--> /contacts
[Sat Oct 14 13:12:47 2017] CristianJoeMontini--> /rand
[Sat Oct 14 13:14:10 2017] CristianJoeMontini--> /scan
[Sat Oct 14 16:58:57 2017] CristianJoeMontini--> /voice Hello Martina
[Sat Oct 14 16:58:59 2017] CristianJoeMontini--> /scan
[Sat Oct 14 16:59:18 2017] CristianJoeMontini--> /start
[Sat Oct 14 16:59:35 2017] CristianJoeMontini--> /voice i'm a bitch
[Sat Oct 14 17:02:27 2017] CristianJoeMontini--> Cjxjd
[Sat Oct 14 17:02:30 2017] CristianJoeMontini--> Dhdhd
[Sat Oct 14 17:07:00 2017] Bluefirefly Access Denied!
[Sat Oct 14 17:07:50 2017] Bluefirefly--> /voice
[Sat Oct 14 17:08:21 2017] Bluefirefly--> /voice voice
[Sat Oct 14 17:08:40 2017] CristianJoeMontini--> /voice porcodio
[Thu Oct 26 17:46:58 2017] CristianJoeMontini--> /help
[Thu Oct 26 17:47:07 2017] CristianJoeMontini--> /voice dhsbsbdbdndjsjsnsnsnsbbsbd
[Sat Oct 28 08:40:33 2017] CristianJoeMontini--> /rand 3323322 8738273
